[10/Oct/2020:03:45:16] (I): WordPress Instance Info:
[10/Oct/2020:03:45:16] (I): Home URL : http://localhost/ngurahwordpress
[10/Oct/2020:03:45:16] (I): Site URL : http://localhost/ngurahwordpress
[10/Oct/2020:03:45:16] (I): WordPress Version : 5.5.1
[10/Oct/2020:03:45:16] (I): Onboarding Version : 1.0.10
[10/Oct/2020:03:45:16] (I): Multisite : No
[10/Oct/2020:03:45:16] (I): Server Info : Apache/2.4.46 (Win64) OpenSSL/1.1.1g PHP/7.4.10
[10/Oct/2020:03:45:16] (I): PHP Version : 7.4.10
[10/Oct/2020:03:45:16] (I): HTTPS : No
[10/Oct/2020:03:45:16] (I): PHP Max Execution Time : 120
[10/Oct/2020:03:45:16] (I): PHP Max Input Vars : 1000
[10/Oct/2020:03:45:16] (I): Max Upload Size : 41943040
[10/Oct/2020:03:45:16] (I): Plugins:
[10/Oct/2020:03:45:16] (I): [PLUGIN] Gutenberg Blocks and Template Library by Otter : v1.5.8 (ThemeIsle)
[10/Oct/2020:03:45:16] (I): [PLUGIN] Templates Patterns Collection : v1.0.10 (ThemeIsle)
[10/Oct/2020:03:45:16] (I): [PLUGIN] WPForms Lite : v1.6.2.3 (WPForms)
[10/Oct/2020:03:45:16] (P): Saving remote XML
[10/Oct/2020:03:45:18] (S): Saved remote XML at path C:\xampp\htdocs\ngurahwordpress/wp-content/uploads/themeisle-demo-import.xml.
[10/Oct/2020:03:45:18] (P): Starting content import...
[10/Oct/2020:03:45:18] (S): Import started.
[10/Oct/2020:03:45:18] (S): Parsing XML file.
[10/Oct/2020:03:45:18] (P): Starting parsing file:C:\xampp\htdocs\ngurahwordpress/wp-content/uploads/themeisle-demo-import.xml
[10/Oct/2020:03:45:18] (P): Using WXR_Parser_SimpleXML...
[10/Oct/2020:03:45:18] (S): Parsed XML
[10/Oct/2020:03:45:18] (P): Processing categories...
[10/Oct/2020:03:45:18] (S): Processed categories.
[10/Oct/2020:03:45:18] (P): Processing tags...
[10/Oct/2020:03:45:18] (S): No tags to process.
[10/Oct/2020:03:45:18] (P): Processing terms...
[10/Oct/2020:03:45:18] (S): Processed terms.
[10/Oct/2020:03:45:18] (P): Processing posts...
[10/Oct/2020:03:45:18] (P): Inserting custom_css: neve .
[10/Oct/2020:03:45:18] (S): Done inserting custom_css: neve .
[10/Oct/2020:03:45:18] (P): Processing attachment: https://s33834.pcdn.co/freelancer-gb/wp-content/uploads/sites/469/2019/09/neve-freelancer-01.jpg...
[10/Oct/2020:03:45:18] (P): Fetching attachment from url: https://s33834.pcdn.co/freelancer-gb/wp-content/uploads/sites/469/2019/09/neve-freelancer-01.jpg...
[10/Oct/2020:03:45:19] (S): Fetched remote attachment.
[10/Oct/2020:03:45:19] (P): Inserting attachment...
[10/Oct/2020:03:45:19] (S): Attachment inserted
[10/Oct/2020:03:45:19] (S): Processed attachment.
[10/Oct/2020:03:45:19] (P): Processing attachment: https://s33834.pcdn.co/freelancer-gb/wp-content/uploads/sites/469/2019/09/neve-freelancer-03.jpg...
[10/Oct/2020:03:45:19] (P): Fetching attachment from url: https://s33834.pcdn.co/freelancer-gb/wp-content/uploads/sites/469/2019/09/neve-freelancer-03.jpg...
[10/Oct/2020:03:45:19] (S): Fetched remote attachment.
[10/Oct/2020:03:45:19] (P): Inserting attachment...
[10/Oct/2020:03:45:19] (S): Attachment inserted
[10/Oct/2020:03:45:19] (S): Processed attachment.
[10/Oct/2020:03:45:19] (P): Processing attachment: https://s33834.pcdn.co/freelancer-gb/wp-content/uploads/sites/469/2019/09/neve-freelancer-05.jpg...
[10/Oct/2020:03:45:19] (P): Fetching attachment from url: https://s33834.pcdn.co/freelancer-gb/wp-content/uploads/sites/469/2019/09/neve-freelancer-05.jpg...
[10/Oct/2020:03:45:20] (S): Fetched remote attachment.
[10/Oct/2020:03:45:20] (P): Inserting attachment...
[10/Oct/2020:03:45:20] (S): Attachment inserted
[10/Oct/2020:03:45:20] (S): Processed attachment.
[10/Oct/2020:03:45:20] (P): Processing attachment: https://s33834.pcdn.co/freelancer-gb/wp-content/uploads/sites/469/2019/09/neve-freelancer-06.jpg...
[10/Oct/2020:03:45:20] (P): Fetching attachment from url: https://s33834.pcdn.co/freelancer-gb/wp-content/uploads/sites/469/2019/09/neve-freelancer-06.jpg...
[10/Oct/2020:03:45:21] (S): Fetched remote attachment.
[10/Oct/2020:03:45:21] (P): Inserting attachment...
[10/Oct/2020:03:45:21] (S): Attachment inserted
[10/Oct/2020:03:45:21] (S): Processed attachment.
[10/Oct/2020:03:45:21] (P): Processing attachment: https://s33834.pcdn.co/freelancer-gb/wp-content/uploads/sites/469/2019/09/neve-freelancer-08.jpg...
[10/Oct/2020:03:45:21] (P): Fetching attachment from url: https://s33834.pcdn.co/freelancer-gb/wp-content/uploads/sites/469/2019/09/neve-freelancer-08.jpg...
[10/Oct/2020:03:45:22] (S): Fetched remote attachment.
[10/Oct/2020:03:45:22] (P): Inserting attachment...
[10/Oct/2020:03:45:22] (S): Attachment inserted
[10/Oct/2020:03:45:22] (S): Processed attachment.
[10/Oct/2020:03:45:22] (P): Processing attachment: https://s33834.pcdn.co/freelancer-gb/wp-content/uploads/sites/469/2019/09/neve-freelancer-12.jpg...
[10/Oct/2020:03:45:22] (P): Fetching attachment from url: https://s33834.pcdn.co/freelancer-gb/wp-content/uploads/sites/469/2019/09/neve-freelancer-12.jpg...
[10/Oct/2020:03:45:23] (S): Fetched remote attachment.
[10/Oct/2020:03:45:23] (P): Inserting attachment...
[10/Oct/2020:03:45:23] (S): Attachment inserted
[10/Oct/2020:03:45:23] (S): Processed attachment.
[10/Oct/2020:03:45:23] (P): Processing attachment: https://s33834.pcdn.co/freelancer-gb/wp-content/uploads/sites/469/2019/09/neve-freelancer-13.jpg...
[10/Oct/2020:03:45:23] (P): Fetching attachment from url: https://s33834.pcdn.co/freelancer-gb/wp-content/uploads/sites/469/2019/09/neve-freelancer-13.jpg...
[10/Oct/2020:03:45:24] (S): Fetched remote attachment.
[10/Oct/2020:03:45:24] (P): Inserting attachment...
[10/Oct/2020:03:45:24] (S): Attachment inserted
[10/Oct/2020:03:45:24] (S): Processed attachment.
[10/Oct/2020:03:45:24] (P): Processing attachment: https://s33834.pcdn.co/freelancer-gb/wp-content/uploads/sites/469/2019/09/neve-freelancer-14.jpg...
[10/Oct/2020:03:45:24] (P): Fetching attachment from url: https://s33834.pcdn.co/freelancer-gb/wp-content/uploads/sites/469/2019/09/neve-freelancer-14.jpg...
[10/Oct/2020:03:45:24] (S): Fetched remote attachment.
[10/Oct/2020:03:45:24] (P): Inserting attachment...
[10/Oct/2020:03:45:24] (S): Attachment inserted
[10/Oct/2020:03:45:24] (S): Processed attachment.
[10/Oct/2020:03:45:24] (P): Processing attachment: https://s33834.pcdn.co/freelancer-gb/wp-content/uploads/sites/469/2019/09/neve-freelancer-15.jpg...
[10/Oct/2020:03:45:24] (P): Fetching attachment from url: https://s33834.pcdn.co/freelancer-gb/wp-content/uploads/sites/469/2019/09/neve-freelancer-15.jpg...
[10/Oct/2020:03:45:25] (S): Fetched remote attachment.
[10/Oct/2020:03:45:25] (P): Inserting attachment...
[10/Oct/2020:03:45:25] (S): Attachment inserted
[10/Oct/2020:03:45:25] (S): Processed attachment.
[10/Oct/2020:03:45:25] (P): Processing attachment: https://s33834.pcdn.co/freelancer-gb/wp-content/uploads/sites/469/2019/09/neve-freelancer-logo.png...
[10/Oct/2020:03:45:25] (P): Fetching attachment from url: https://s33834.pcdn.co/freelancer-gb/wp-content/uploads/sites/469/2019/09/neve-freelancer-logo.png...
[10/Oct/2020:03:45:26] (S): Fetched remote attachment.
[10/Oct/2020:03:45:26] (P): Inserting attachment...
[10/Oct/2020:03:45:26] (S): Attachment inserted
[10/Oct/2020:03:45:26] (S): Processed attachment.
[10/Oct/2020:03:45:26] (P): Processing attachment: https://s33834.pcdn.co/freelancer-gb/wp-content/uploads/sites/469/2019/09/neve-freelancer-icon.png...
[10/Oct/2020:03:45:26] (P): Fetching attachment from url: https://s33834.pcdn.co/freelancer-gb/wp-content/uploads/sites/469/2019/09/neve-freelancer-icon.png...
[10/Oct/2020:03:45:27] (S): Fetched remote attachment.
[10/Oct/2020:03:45:27] (P): Inserting attachment...
[10/Oct/2020:03:45:27] (S): Attachment inserted
[10/Oct/2020:03:45:27] (S): Processed attachment.
[10/Oct/2020:03:45:27] (P): Processing attachment: https://s33834.pcdn.co/freelancer-gb/wp-content/uploads/sites/469/2019/09/cropped-neve-freelancer-icon.png...
[10/Oct/2020:03:45:27] (P): Fetching attachment from url: https://s33834.pcdn.co/freelancer-gb/wp-content/uploads/sites/469/2019/09/cropped-neve-freelancer-icon.png...
[10/Oct/2020:03:45:28] (S): Fetched remote attachment.
[10/Oct/2020:03:45:28] (P): Inserting attachment...
[10/Oct/2020:03:45:28] (S): Attachment inserted
[10/Oct/2020:03:45:28] (S): Processed attachment.
[10/Oct/2020:03:45:28] (P): Inserting page: Home .
[10/Oct/2020:03:45:28] (S): Done inserting page: Home .
[10/Oct/2020:03:45:28] (P): Inserting page: About Me .
[10/Oct/2020:03:45:28] (S): Done inserting page: About Me .
[10/Oct/2020:03:45:28] (P): Processing single menu item ' '...
[10/Oct/2020:03:45:28] (S): Processed single menu item.
[10/Oct/2020:03:45:28] (P): Processing single menu item ' '...
[10/Oct/2020:03:45:28] (S): Processed single menu item.
[10/Oct/2020:03:45:28] (P): Inserting page: Portfolio .
[10/Oct/2020:03:45:28] (S): Done inserting page: Portfolio .
[10/Oct/2020:03:45:28] (P): Processing single menu item ' '...
[10/Oct/2020:03:45:28] (S): Processed single menu item.
[10/Oct/2020:03:45:28] (P): Processing single menu item ' '...
[10/Oct/2020:03:45:28] (P): Inserting wp_block: 2 columns .
[10/Oct/2020:03:45:28] (S): Done inserting wp_block: 2 columns .
[10/Oct/2020:03:45:28] (P): Inserting wp_block: Gallery .
[10/Oct/2020:03:45:28] (S): Done inserting wp_block: Gallery .
[10/Oct/2020:03:45:28] (P): Inserting wp_block: Call to action .
[10/Oct/2020:03:45:28] (S): Done inserting wp_block: Call to action .
[10/Oct/2020:03:45:28] (P): Inserting wp_block: Hero .
[10/Oct/2020:03:45:28] (S): Done inserting wp_block: Hero .
[10/Oct/2020:03:45:28] (P): Inserting wp_block: Button .
[10/Oct/2020:03:45:28] (S): Done inserting wp_block: Button .
[10/Oct/2020:03:45:28] (P): Inserting page: Contact .
[10/Oct/2020:03:45:28] (S): Done inserting page: Contact .
[10/Oct/2020:03:45:28] (P): Inserting wp_block: Testimonials .
[10/Oct/2020:03:45:28] (S): Done inserting wp_block: Testimonials .
[10/Oct/2020:03:45:28] (P): Inserting wp_block: Hero 2 .
[10/Oct/2020:03:45:28] (S): Done inserting wp_block: Hero 2 .
[10/Oct/2020:03:45:28] (S): Processed posts.
[10/Oct/2020:03:45:28] (P): Processing single menu item ' '...
[10/Oct/2020:03:45:28] (S): Processed single menu item.
[10/Oct/2020:03:45:28] (P): Cleaning up import with id ...
[10/Oct/2020:03:45:28] (P): Done cleanup. Flushing cache...
[10/Oct/2020:03:45:28] (P): Flushed cache. Removing temporary data..
[10/Oct/2020:03:45:28] (S): Done importing
[10/Oct/2020:03:45:28] (P): Busting elementor cache
[10/Oct/2020:03:45:28] (S): Front page set up with id: 92.
